<?xml version="1.0" encoding="UTF-8"?>
<!-- Generated by org.testng.reporters.JUnitReportReporter -->
<testsuite hostname="Lenovo-PC" failures="0" tests="1" name="testCases.TC_002_MymedicineTest" time="34.932" errors="0" timestamp="2023-08-28T10:39:10 IST" skipped="0">
  <testcase classname="testCases.TC_002_MymedicineTest" name="test_mymedicine" time="34.932"/>
</testsuite> <!-- testCases.TC_002_MymedicineTest -->
