<?xml version="1.0" encoding="UTF-8"?>
<!-- Generated by org.testng.reporters.JUnitReportReporter -->
<testsuite hostname="Lenovo-PC" failures="0" tests="1" name="testCases.TC_003_LoginDatadrivenTest" time="6.386" errors="0" timestamp="2023-08-28T02:10:41 IST" skipped="0">
  <testcase classname="testCases.TC_003_LoginDatadrivenTest" name="test_loginDDT" time="6.386"/>
</testsuite> <!-- testCases.TC_003_LoginDatadrivenTest -->
